{
  "RSpec": {
    "coverage": {
      "C:/Users/Himself/Documents/GitHub/macros4cuke/lib/macros4cuke/macro-collection.rb": [
        null,
        null,
        null,
        null,
        1,
        1,
        null,
        1,
        null,
        null,
        null,
        null,
        null,
        1,
        1,
        null,
        null,
        null,
        null,
        null,
        1,
        null,
        null,
        null,
        null,
        null,
        null,
        null,
        1,
        5,
        null,
        null,
        null,
        null,
        4,
        null,
        2,
        null,
        null,
        null,
        null,
        null,
        null,
        null,
        null,
        null,
        null,
        null,
        1,
        1,
        1,
        1,
        null,
        null,
        0,
        null,
        null,
        null,
        null,
        null,
        null,
        1,
        1,
        null,
        null,
        null,
        null,
        1,
        11,
        11,
        null,
        null,
        1,
        null,
        1,
        5,
        5,
        null,
        null,
        null,
        null,
        null,
        null,
        null,
        null
      ],
      "C:/Users/Himself/Documents/GitHub/macros4cuke/lib/macros4cuke/macro-step.rb": [
        null,
        null,
        null,
        null,
        null,
        1,
        1,
        null,
        1,
        null,
        null,
        null,
        null,
        null,
        null,
        null,
        1,
        null,
        1,
        null,
        null,
        1,
        null,
        null,
        1,
        null,
        null,
        1,
        null,
        null,
        null,
        null,
        null,
        null,
        1,
        15,
        null,
        null,
        15,
        null,
        null,
        15,
        null,
        15,
        15,
        null,
        null,
        15,
        12,
        12,
        null,
        null,
        null,
        null,
        null,
        null,
        null,
        null,
        null,
        null,
        null,
        null,
        null,
        null,
        null,
        null,
        null,
        null,
        null,
        null,
        null,
        1,
        20,
        null,
        null,
        20,
        null,
        null,
        20,
        null,
        null,
        null,
        20,
        null,
        15,
        null,
        5,
        null,
        null,
        null,
        null,
        20,
        null,
        20,
        null,
        20,
        null,
        null,
        null,
        null,
        null,
        null,
        null,
        null,
        null,
        1,
        4,
        3,
        null,
        null,
        1,
        null,
        null,
        null,
        null,
        null,
        1,
        4,
        null,
        null,
        4,
        4,
        4,
        null,
        null,
        null,
        4,
        4,
        3,
        2,
        0,
        0,
        null,
        0,
        null,
        null,
        2,
        null,
        null,
        null,
        null,
        3,
        null,
        null,
        null,
        null,
        null,
        null,
        null,
        null,
        null,
        null,
        null,
        null,
        1,
        null,
        null,
        19,
        null,
        15,
        null,
        null,
        4,
        null,
        19,
        19,
        null,
        null,
        23,
        null,
        19,
        null,
        null,
        null,
        null,
        null,
        1,
        null,
        15,
        null,
        null,
        null,
        90,
        null,
        15,
        null,
        null,
        null,
        null,
        1,
        null,
        15,
        10,
        1,
        null,
        null,
        null,
        null,
        14,
        2,
        3,
        2,
        null,
        null,
        null,
        null,
        12,
        null,
        null,
        null,
        null,
        null,
        1,
        14,
        null,
        null,
        null,
        null,
        null,
        null,
        null
      ],
      "C:/Users/Himself/Documents/GitHub/macros4cuke/lib/macros4cuke/exceptions.rb": [
        null,
        null,
        null,
        1,
        null,
        null,
        null,
        1,
        null,
        null,
        null,
        null,
        1,
        1,
        2,
        null,
        null,
        null,
        null,
        null,
        1,
        1,
        1,
        null,
        null,
        null,
        null,
        null,
        null,
        null,
        1,
        1,
        2,
        null,
        null,
        null,
        null,
        null,
        null,
        1,
        1,
        1,
        null,
        null,
        null,
        null,
        null,
        1,
        1,
        1,
        null,
        null,
        null,
        null,
        null,
        1,
        1,
        1,
        null,
        null,
        null,
        null,
        null,
        null,
        null,
        1,
        1,
        1,
        null,
        null,
        null,
        null,
        null,
        null,
        1,
        1,
        0,
        null,
        null,
        null,
        null,
        null,
        null,
        null,
        1,
        null,
        null,
        null,
        null,
        null,
        null
      ],
      "C:/Users/Himself/Documents/GitHub/macros4cuke/lib/macros4cuke/templating/engine.rb": [
        null,
        null,
        null,
        null,
        1,
        1,
        null,
        null,
        1,
        null,
        null,
        null,
        null,
        1,
        null,
        null,
        null,
        null,
        1,
        null,
        1,
        null,
        null,
        null,
        1,
        231,
        null,
        null,
        1,
        null,
        null,
        null,
        null,
        1,
        65,
        null,
        null,
        null,
        null,
        null,
        null,
        1,
        1,
        null,
        null,
        null,
        1,
        45,
        null,
        null,
        null,
        null,
        null,
        null,
        null,
        1,
        null,
        1,
        null,
        null,
        1,
        112,
        null,
        null,
        1,
        null,
        null,
        1,
        37,
        37,
        3,
        null,
        null,
        37,
        null,
        null,
        null,
        null,
        null,
        null,
        null,
        null,
        null,
        null,
        1,
        null,
        1,
        null,
        null,
        null,
        null,
        1,
        27,
        null,
        27,
        null,
        6,
        null,
        null,
        null,
        1,
        null,
        null,
        19,
        null,
        1,
        null,
        null,
        27,
        null,
        null,
        null,
        null,
        null,
        null,
        null,
        null,
        null,
        1,
        null,
        1,
        null,
        null,
        1,
        33,
        33,
        null,
        null,
        1,
        null,
        1,
        68,
        null,
        null,
        null,
        null,
        1,
        3,
        10,
        null,
        3,
        null,
        1,
        null,
        null,
        null,
        null,
        null,
        3,
        null,
        null,
        null,
        null,
        null,
        null,
        null,
        1,
        1,
        null,
        null,
        null,
        null,
        null,
        null,
        null,
        null,
        1,
        null,
        null,
        1,
        null,
        null,
        null,
        1,
        26,
        26,
        null,
        null,
        1,
        null,
        null,
        null,
        null,
        1,
        10,
        10,
        null,
        4,
        14,
        null,
        null,
        6,
        null,
        null,
        10,
        null,
        null,
        null,
        null,
        1,
        2,
        null,
        null,
        null,
        null,
        null,
        1,
        null,
        null,
        null,
        null,
        null,
        null,
        null,
        null,
        null,
        1,
        null,
        1,
        1,
        1,
        32,
        1,
        1,
        null,
        null,
        null,
        1,
        null,
        null,
        null,
        1,
        34,
        34,
        null,
        null,
        1,
        null,
        null,
        null,
        null,
        null,
        1,
        10,
        null,
        9,
        124,
        null,
        null,
        9,
        null,
        null,
        null,
        null,
        null,
        1,
        null,
        null,
        18,
        238,
        null,
        34,
        null,
        null,
        0,
        null,
        null,
        null,
        null,
        null,
        null,
        18,
        18,
        null,
        18,
        null,
        null,
        null,
        null,
        null,
        1,
        182,
        182,
        null,
        182,
        null,
        288,
        288,
        null,
        null,
        288,
        288,
        288,
        null,
        null,
        179,
        null,
        null,
        1,
        null,
        null,
        null,
        1,
        null,
        null,
        3,
        3,
        null,
        3,
        47,
        null,
        4,
        null,
        2,
        null,
        null,
        47,
        46,
        null,
        null,
        1,
        0,
        null,
        null,
        null,
        null,
        1,
        null,
        34,
        null,
        null,
        34,
        169,
        169,
        null,
        341,
        null,
        null,
        168,
        null,
        null,
        197,
        32,
        null,
        null,
        null,
        1,
        496,
        null,
        null,
        null,
        163,
        163,
        257,
        null,
        157,
        null,
        null,
        30,
        24,
        24,
        null,
        6,
        null,
        null,
        70,
        null,
        null,
        163,
        12,
        null,
        null,
        null,
        151,
        11,
        11,
        11,
        null,
        140,
        null,
        null,
        null,
        163,
        null,
        null,
        null,
        null,
        null,
        1,
        332,
        null,
        332,
        null,
        226,
        null,
        null,
        106,
        null,
        0,
        null,
        null,
        331,
        null,
        null,
        null,
        null,
        1,
        null,
        106,
        35,
        null,
        null,
        71,
        null,
        106,
        null,
        105,
        105,
        null,
        17,
        null,
        null,
        18,
        null,
        70,
        null,
        null,
        105,
        null,
        null,
        null,
        null,
        1,
        32,
        null,
        32,
        444,
        null,
        14,
        null,
        null,
        14,
        1,
        null,
        13,
        1,
        null,
        12,
        null,
        null,
        416,
        370,
        null,
        46,
        null,
        null,
        null,
        null,
        null,
        30,
        null,
        29,
        null,
        null,
        null,
        null,
        null,
        null,
        null,
        null,
        null
      ],
      "C:/Users/Himself/Documents/GitHub/macros4cuke/lib/macros4cuke/macro-step-support.rb": [
        null,
        null,
        null,
        1,
        1,
        null,
        1,
        null,
        null,
        null,
        null,
        null,
        null,
        null,
        null,
        null,
        1,
        1,
        null,
        null,
        null,
        null,
        null,
        null,
        null,
        null,
        null,
        1,
        3,
        null,
        null,
        null,
        null,
        null,
        null,
        null,
        null,
        null,
        1,
        null,
        1,
        1,
        null,
        null,
        0,
        null,
        null,
        null,
        null,
        null,
        null,
        1,
        1,
        null,
        null,
        null,
        null,
        null,
        null,
        null,
        null
      ]
    },
    "timestamp": 1368904989
  },
  "Cucumber Features": {
    "coverage": {
      "C:/Users/Himself/Documents/GitHub/macros4cuke/features/support/macro_support.rb": [
        null,
        null,
        null,
        null,
        null,
        null,
        null,
        null,
        1,
        null,
        null,
        null,
        null,
        1,
        null,
        null,
        null
      ],
      "C:/Users/Himself/Documents/GitHub/macros4cuke/lib/macros4cuke.rb": [
        null,
        null,
        null,
        null,
        1,
        1,
        null,
        null
      ],
      "C:/Users/Himself/Documents/GitHub/macros4cuke/lib/macros4cuke/constants.rb": [
        null,
        null,
        null,
        null,
        1,
        null,
        1,
        null,
        null,
        1,
        null,
        null,
        null,
        1,
        null,
        null,
        null,
        null,
        1,
        1,
        1,
        1,
        null,
        null,
        null,
        null,
        null
      ],
      "C:/Users/Himself/Documents/GitHub/macros4cuke/lib/macros4cuke/macro-step-support.rb": [
        null,
        null,
        null,
        1,
        1,
        null,
        1,
        null,
        null,
        null,
        null,
        null,
        null,
        null,
        null,
        null,
        1,
        1,
        null,
        null,
        null,
        null,
        null,
        null,
        null,
        null,
        null,
        1,
        7,
        null,
        null,
        null,
        null,
        null,
        null,
        null,
        null,
        null,
        1,
        null,
        9,
        9,
        null,
        null,
        9,
        null,
        null,
        null,
        null,
        null,
        null,
        1,
        0,
        null,
        null,
        null,
        null,
        null,
        null,
        null,
        null
      ],
      "C:/Users/Himself/Documents/GitHub/macros4cuke/lib/macros4cuke/exceptions.rb": [
        null,
        null,
        null,
        1,
        null,
        null,
        null,
        1,
        null,
        null,
        null,
        null,
        1,
        1,
        0,
        null,
        null,
        null,
        null,
        null,
        1,
        1,
        0,
        null,
        null,
        null,
        null,
        null,
        null,
        null,
        1,
        1,
        0,
        null,
        null,
        null,
        null,
        null,
        null,
        1,
        1,
        0,
        null,
        null,
        null,
        null,
        null,
        1,
        1,
        0,
        null,
        null,
        null,
        null,
        null,
        1,
        1,
        0,
        null,
        null,
        null,
        null,
        null,
        null,
        null,
        1,
        1,
        0,
        null,
        null,
        null,
        null,
        null,
        null,
        1,
        1,
        0,
        null,
        null,
        null,
        null,
        null,
        null,
        null,
        1,
        null,
        null,
        null,
        null,
        null,
        null
      ],
      "C:/Users/Himself/Documents/GitHub/macros4cuke/lib/macros4cuke/macro-collection.rb": [
        null,
        null,
        null,
        null,
        1,
        1,
        null,
        1,
        null,
        null,
        null,
        null,
        null,
        1,
        1,
        null,
        null,
        null,
        null,
        null,
        1,
        null,
        null,
        null,
        null,
        null,
        null,
        null,
        1,
        7,
        null,
        null,
        null,
        null,
        7,
        null,
        7,
        null,
        null,
        null,
        null,
        null,
        null,
        null,
        null,
        null,
        null,
        null,
        1,
        9,
        9,
        9,
        null,
        null,
        9,
        null,
        null,
        null,
        null,
        null,
        null,
        1,
        0,
        null,
        null,
        null,
        null,
        1,
        23,
        23,
        null,
        null,
        1,
        null,
        1,
        16,
        16,
        null,
        null,
        null,
        null,
        null,
        null,
        null,
        null
      ],
      "C:/Users/Himself/Documents/GitHub/macros4cuke/lib/macros4cuke/macro-step.rb": [
        null,
        null,
        null,
        null,
        null,
        1,
        1,
        null,
        1,
        null,
        null,
        null,
        null,
        null,
        null,
        null,
        1,
        null,
        1,
        null,
        null,
        1,
        null,
        null,
        1,
        null,
        null,
        1,
        null,
        null,
        null,
        null,
        null,
        null,
        1,
        7,
        null,
        null,
        7,
        null,
        null,
        7,
        null,
        7,
        7,
        null,
        null,
        7,
        7,
        7,
        null,
        null,
        null,
        null,
        null,
        null,
        null,
        null,
        null,
        null,
        null,
        null,
        null,
        null,
        null,
        null,
        null,
        null,
        null,
        null,
        null,
        1,
        23,
        null,
        null,
        23,
        null,
        null,
        23,
        null,
        null,
        null,
        23,
        null,
        7,
        null,
        16,
        null,
        null,
        null,
        null,
        23,
        null,
        23,
        null,
        23,
        null,
        null,
        null,
        null,
        null,
        null,
        null,
        null,
        null,
        1,
        9,
        9,
        null,
        null,
        1,
        null,
        null,
        null,
        null,
        null,
        1,
        9,
        null,
        null,
        9,
        9,
        5,
        null,
        null,
        null,
        9,
        4,
        19,
        19,
        2,
        1,
        null,
        1,
        null,
        null,
        17,
        null,
        null,
        null,
        null,
        9,
        null,
        null,
        null,
        null,
        null,
        null,
        null,
        null,
        null,
        null,
        null,
        null,
        1,
        null,
        null,
        16,
        null,
        7,
        null,
        null,
        9,
        null,
        16,
        16,
        null,
        null,
        21,
        null,
        16,
        null,
        null,
        null,
        null,
        null,
        1,
        null,
        7,
        null,
        null,
        null,
        46,
        null,
        7,
        null,
        null,
        null,
        null,
        1,
        null,
        7,
        3,
        0,
        null,
        null,
        null,
        null,
        7,
        4,
        3,
        0,
        null,
        null,
        null,
        null,
        7,
        null,
        null,
        null,
        null,
        null,
        1,
        7,
        null,
        null,
        null,
        null,
        null,
        null,
        null
      ],
      "C:/Users/Himself/Documents/GitHub/macros4cuke/lib/macros4cuke/templating/engine.rb": [
        null,
        null,
        null,
        null,
        1,
        1,
        null,
        null,
        1,
        null,
        null,
        null,
        null,
        1,
        null,
        null,
        null,
        null,
        1,
        null,
        1,
        null,
        null,
        null,
        1,
        50,
        null,
        null,
        1,
        null,
        null,
        null,
        null,
        1,
        70,
        null,
        null,
        null,
        null,
        null,
        null,
        1,
        1,
        null,
        null,
        null,
        1,
        46,
        null,
        null,
        null,
        null,
        null,
        null,
        null,
        1,
        null,
        1,
        null,
        null,
        1,
        18,
        null,
        null,
        1,
        null,
        null,
        1,
        28,
        28,
        0,
        null,
        null,
        28,
        null,
        null,
        null,
        null,
        null,
        null,
        null,
        null,
        null,
        null,
        1,
        null,
        1,
        null,
        null,
        null,
        null,
        1,
        24,
        null,
        24,
        null,
        2,
        null,
        null,
        null,
        1,
        null,
        null,
        21,
        null,
        0,
        null,
        null,
        24,
        null,
        null,
        null,
        null,
        null,
        null,
        null,
        null,
        null,
        1,
        null,
        1,
        null,
        null,
        1,
        2,
        2,
        null,
        null,
        1,
        null,
        1,
        8,
        null,
        null,
        null,
        null,
        1,
        2,
        8,
        null,
        2,
        null,
        0,
        null,
        null,
        null,
        null,
        null,
        2,
        null,
        null,
        null,
        null,
        null,
        null,
        null,
        1,
        0,
        null,
        null,
        null,
        null,
        null,
        null,
        null,
        null,
        1,
        null,
        null,
        1,
        null,
        null,
        null,
        1,
        2,
        2,
        null,
        null,
        1,
        null,
        null,
        null,
        null,
        1,
        4,
        4,
        null,
        2,
        8,
        null,
        null,
        2,
        null,
        null,
        4,
        null,
        null,
        null,
        null,
        1,
        0,
        null,
        null,
        null,
        null,
        null,
        1,
        null,
        null,
        null,
        null,
        null,
        null,
        null,
        null,
        null,
        1,
        null,
        1,
        1,
        1,
        32,
        1,
        1,
        null,
        null,
        null,
        1,
        null,
        null,
        null,
        1,
        7,
        7,
        null,
        null,
        1,
        null,
        null,
        null,
        null,
        null,
        1,
        9,
        null,
        9,
        136,
        null,
        null,
        9,
        null,
        null,
        null,
        null,
        null,
        1,
        null,
        null,
        7,
        94,
        null,
        14,
        null,
        null,
        2,
        null,
        null,
        null,
        null,
        null,
        null,
        7,
        7,
        null,
        7,
        null,
        null,
        null,
        null,
        null,
        1,
        36,
        36,
        null,
        36,
        null,
        53,
        53,
        null,
        null,
        53,
        53,
        53,
        null,
        null,
        36,
        null,
        null,
        1,
        null,
        null,
        null,
        1,
        null,
        null,
        0,
        0,
        null,
        0,
        0,
        null,
        0,
        null,
        0,
        null,
        null,
        0,
        0,
        null,
        null,
        0,
        0,
        null,
        null,
        null,
        null,
        1,
        null,
        7,
        null,
        null,
        7,
        36,
        36,
        null,
        70,
        null,
        null,
        36,
        null,
        null,
        43,
        7,
        null,
        null,
        null,
        1,
        106,
        null,
        null,
        null,
        36,
        36,
        53,
        null,
        34,
        null,
        null,
        3,
        3,
        3,
        null,
        0,
        null,
        null,
        16,
        null,
        null,
        36,
        2,
        null,
        null,
        null,
        34,
        1,
        1,
        1,
        null,
        33,
        null,
        null,
        null,
        36,
        null,
        null,
        null,
        null,
        null,
        1,
        70,
        null,
        70,
        null,
        50,
        null,
        null,
        20,
        null,
        0,
        null,
        null,
        70,
        null,
        null,
        null,
        null,
        1,
        null,
        20,
        4,
        null,
        null,
        16,
        null,
        20,
        null,
        20,
        20,
        null,
        2,
        null,
        null,
        2,
        null,
        16,
        null,
        null,
        20,
        null,
        null,
        null,
        null,
        1,
        7,
        null,
        7,
        104,
        null,
        2,
        null,
        null,
        2,
        0,
        null,
        2,
        0,
        null,
        2,
        null,
        null,
        100,
        92,
        null,
        8,
        null,
        null,
        null,
        null,
        null,
        7,
        null,
        7,
        null,
        null,
        null,
        null,
        null,
        null,
        null,
        null,
        null
      ],
      "C:/Users/Himself/Documents/GitHub/macros4cuke/features/step_definitions/demo_steps.rb": [
        null,
        null,
        null,
        null,
        1,
        5,
        null,
        null,
        1,
        13,
        null,
        null,
        null,
        1,
        27,
        null,
        null,
        null,
        1,
        8,
        null,
        null,
        null,
        null
      ],
      "C:/Users/Himself/Documents/GitHub/macros4cuke/features/step_definitions/use_macro_steps.rb": [
        null,
        null,
        null,
        null,
        null,
        null,
        null,
        null,
        1,
        null,
        null
      ],
      "C:/Users/Himself/Documents/GitHub/macros4cuke/lib/macro_steps.rb": [
        null,
        null,
        null,
        null,
        null,
        null,
        null,
        null,
        null,
        null,
        null,
        null,
        null,
        null,
        null,
        null,
        1,
        7,
        7,
        null,
        null,
        null,
        null,
        null,
        null,
        null,
        null,
        1,
        5,
        null,
        null,
        null,
        null,
        null,
        null,
        null,
        null,
        1,
        null,
        4,
        0,
        null,
        null,
        null,
        null,
        4,
        null,
        null,
        null,
        null
      ]
    },
    "timestamp": 1368904990
  }
}
